2023-12-08 20:56:49,716 INFO Start train: data/train.csv test: data/train.csv
2023-12-08 20:56:50,397 INFO Load model save.model/model-final-mAP0.78-2023-12-08.18.31.53.pth.tar
2023-12-08 20:58:12,217 INFO EPOCH 0/100
2023-12-08 20:58:12,217 INFO Train mAP: 0.7691389322280884
2023-12-08 21:00:16,590 INFO Mean loss was 20.02506249093917
2023-12-08 21:01:42,826 INFO EPOCH 1/100
2023-12-08 21:01:42,826 INFO Train mAP: 0.781385600566864
2023-12-08 21:03:47,460 INFO Mean loss was 19.83900879061199
2023-12-08 21:05:14,350 INFO EPOCH 2/100
2023-12-08 21:05:14,350 INFO Train mAP: 0.7902613282203674
2023-12-08 21:07:19,111 INFO Mean loss was 18.501845828338563
2023-12-08 21:08:46,408 INFO EPOCH 3/100
2023-12-08 21:08:46,408 INFO Train mAP: 0.8134320974349976
2023-12-08 21:08:46,722 INFO Save model model/model-best-mAP0.81-2023-12-08.21.08.46.pth.tar
2023-12-08 21:10:51,577 INFO Mean loss was 17.385350621184713
2023-12-08 21:12:18,855 INFO EPOCH 4/100
2023-12-08 21:12:18,855 INFO Train mAP: 0.7930789589881897
2023-12-08 21:14:23,687 INFO Mean loss was 22.27889400201794
2023-12-08 21:15:51,521 INFO EPOCH 5/100
2023-12-08 21:15:51,522 INFO Train mAP: 0.8091739416122437
2023-12-08 21:17:56,376 INFO Mean loss was 17.47527588451393
2023-12-08 21:19:24,637 INFO EPOCH 6/100
2023-12-08 21:19:24,637 INFO Train mAP: 0.8277122378349304
2023-12-08 21:19:24,943 INFO Save model model/model-best-mAP0.83-2023-12-08.21.19.24.pth.tar
2023-12-08 21:21:29,649 INFO Mean loss was 15.61163935486076
2023-12-08 21:22:57,244 INFO EPOCH 7/100
2023-12-08 21:22:57,244 INFO Train mAP: 0.8268340826034546
2023-12-08 21:25:01,971 INFO Mean loss was 15.393608645728754
2023-12-08 21:26:30,453 INFO EPOCH 8/100
2023-12-08 21:26:30,454 INFO Train mAP: 0.8055656552314758
2023-12-08 21:28:35,143 INFO Mean loss was 18.068650782454174
2023-12-08 21:30:02,912 INFO EPOCH 9/100
2023-12-08 21:30:02,912 INFO Train mAP: 0.779655933380127
2023-12-08 21:32:07,627 INFO Mean loss was 20.037635526527982
2023-12-08 21:33:35,605 INFO EPOCH 10/100
2023-12-08 21:33:35,605 INFO Train mAP: 0.7775995135307312
2023-12-08 21:35:40,244 INFO Mean loss was 17.990399912201458
2023-12-08 21:37:08,080 INFO EPOCH 11/100
2023-12-08 21:37:08,080 INFO Train mAP: 0.8117677569389343
2023-12-08 21:39:12,866 INFO Mean loss was 16.71101880580821
2023-12-08 21:40:41,254 INFO EPOCH 12/100
2023-12-08 21:40:41,254 INFO Train mAP: 0.8143434524536133
2023-12-08 21:42:45,862 INFO Mean loss was 16.067949535768314
2023-12-08 21:44:13,866 INFO EPOCH 13/100
2023-12-08 21:44:13,866 INFO Train mAP: 0.808303952217102
2023-12-08 21:46:18,384 INFO Mean loss was 16.289053823777277
2023-12-08 21:47:46,311 INFO EPOCH 14/100
2023-12-08 21:47:46,311 INFO Train mAP: 0.8074773550033569
2023-12-08 21:49:50,968 INFO Mean loss was 16.88521504356045
2023-12-08 21:51:19,177 INFO EPOCH 15/100
2023-12-08 21:51:19,177 INFO Train mAP: 0.8020955920219421
2023-12-08 21:53:23,864 INFO Mean loss was 17.291875647391755
2023-12-08 21:54:52,456 INFO EPOCH 16/100
2023-12-08 21:54:52,456 INFO Train mAP: 0.7880961298942566
2023-12-08 21:56:57,123 INFO Mean loss was 18.244808535511304
2023-12-08 21:58:25,463 INFO EPOCH 17/100
2023-12-08 21:58:25,463 INFO Train mAP: 0.7623152732849121
2023-12-08 22:00:30,106 INFO Mean loss was 18.642512284579546
2023-12-08 22:01:58,226 INFO EPOCH 18/100
2023-12-08 22:01:58,226 INFO Train mAP: 0.7879048585891724
2023-12-08 22:04:02,940 INFO Mean loss was 18.05134676872416
2023-12-08 22:05:31,107 INFO EPOCH 19/100
2023-12-08 22:05:31,107 INFO Train mAP: 0.7894105315208435
2023-12-08 22:07:35,679 INFO Mean loss was 18.0550738598438
2023-12-08 22:09:04,652 INFO EPOCH 20/100
2023-12-08 22:09:04,652 INFO Train mAP: 0.8068923950195312
2023-12-08 22:11:09,182 INFO Mean loss was 18.22307459021445
2023-12-08 22:12:37,117 INFO EPOCH 21/100
2023-12-08 22:12:37,117 INFO Train mAP: 0.8126137852668762
2023-12-08 22:14:41,745 INFO Mean loss was 16.687511273463414
2023-12-08 22:16:09,777 INFO EPOCH 22/100
2023-12-08 22:16:09,777 INFO Train mAP: 0.8167274594306946
2023-12-08 22:18:14,388 INFO Mean loss was 15.369286665372277
2023-12-08 22:19:42,642 INFO EPOCH 23/100
2023-12-08 22:19:42,643 INFO Train mAP: 0.7907274961471558
2023-12-08 22:21:47,269 INFO Mean loss was 15.370284530595377
2023-12-08 22:23:15,819 INFO EPOCH 24/100
2023-12-08 22:23:15,819 INFO Train mAP: 0.8213223218917847
2023-12-08 22:25:20,371 INFO Mean loss was 15.455285424651214
2023-12-08 22:26:48,344 INFO EPOCH 25/100
2023-12-08 22:26:48,345 INFO Train mAP: 0.8015279769897461
2023-12-08 22:28:52,984 INFO Mean loss was 16.000746964024852
2023-12-08 22:30:22,059 INFO EPOCH 26/100
2023-12-08 22:30:22,059 INFO Train mAP: 0.8000359535217285
2023-12-08 22:32:26,619 INFO Mean loss was 17.910479902529392
2023-12-08 22:33:54,609 INFO EPOCH 27/100
2023-12-08 22:33:54,609 INFO Train mAP: 0.8103520274162292
2023-12-08 22:35:59,484 INFO Mean loss was 19.88902640388828
2023-12-08 22:37:27,995 INFO EPOCH 28/100
2023-12-08 22:37:27,995 INFO Train mAP: 0.7970930337905884
2023-12-08 22:39:32,959 INFO Mean loss was 16.103184257300725
2023-12-08 22:41:02,387 INFO EPOCH 29/100
2023-12-08 22:41:02,387 INFO Train mAP: 0.834911048412323
2023-12-08 22:41:02,669 INFO Save model model/model-best-mAP0.83-2023-12-08.22.41.02.pth.tar
2023-12-08 22:43:07,623 INFO Mean loss was 15.008730552643826
2023-12-08 22:44:36,773 INFO EPOCH 30/100
2023-12-08 22:44:36,774 INFO Train mAP: 0.8232722282409668
2023-12-08 22:46:41,357 INFO Mean loss was 14.211821036827633
2023-12-08 22:48:09,593 INFO EPOCH 31/100
2023-12-08 22:48:09,593 INFO Train mAP: 0.8178242444992065
2023-12-08 22:50:14,194 INFO Mean loss was 14.929124891181518
2023-12-08 22:51:43,219 INFO EPOCH 32/100
2023-12-08 22:51:43,219 INFO Train mAP: 0.8092826008796692
2023-12-08 22:53:47,829 INFO Mean loss was 15.63913871979114
2023-12-08 22:55:16,681 INFO EPOCH 33/100
2023-12-08 22:55:16,681 INFO Train mAP: 0.7978036999702454
2023-12-08 22:57:21,300 INFO Mean loss was 15.724161332534406
2023-12-08 22:58:50,499 INFO EPOCH 34/100
2023-12-08 22:58:50,500 INFO Train mAP: 0.8184959292411804
2023-12-08 23:00:55,072 INFO Mean loss was 15.65819214944452
2023-12-08 23:02:24,183 INFO EPOCH 35/100
2023-12-08 23:02:24,183 INFO Train mAP: 0.8168395757675171
2023-12-08 23:04:28,783 INFO Mean loss was 15.05725490285995
2023-12-08 23:05:58,227 INFO EPOCH 36/100
2023-12-08 23:05:58,227 INFO Train mAP: 0.8209894299507141
2023-12-08 23:08:02,861 INFO Mean loss was 14.573815171446514
2023-12-08 23:09:31,892 INFO EPOCH 37/100
2023-12-08 23:09:31,892 INFO Train mAP: 0.7386504411697388
2023-12-08 23:11:36,583 INFO Mean loss was 19.472910510271614
2023-12-08 23:13:05,809 INFO EPOCH 38/100
2023-12-08 23:13:05,809 INFO Train mAP: 0.8337489366531372
2023-12-08 23:15:10,434 INFO Mean loss was 14.238655696293371
2023-12-08 23:16:39,114 INFO EPOCH 39/100
2023-12-08 23:16:39,114 INFO Train mAP: 0.8411049842834473
2023-12-08 23:16:39,422 INFO Save model model/model-best-mAP0.84-2023-12-08.23.16.39.pth.tar
2023-12-08 23:18:44,018 INFO Mean loss was 12.81619283908571
2023-12-08 23:20:11,861 INFO EPOCH 40/100
2023-12-08 23:20:11,861 INFO Train mAP: 0.8490391969680786
2023-12-08 23:20:12,166 INFO Save model model/model-best-mAP0.85-2023-12-08.23.20.11.pth.tar
2023-12-08 23:22:16,723 INFO Mean loss was 14.429089071211086
2023-12-08 23:23:44,397 INFO EPOCH 41/100
2023-12-08 23:23:44,397 INFO Train mAP: 0.826720118522644
2023-12-08 23:25:48,981 INFO Mean loss was 14.505530951332078
2023-12-08 23:27:16,676 INFO EPOCH 42/100
2023-12-08 23:27:16,676 INFO Train mAP: 0.8394128084182739
2023-12-08 23:29:21,288 INFO Mean loss was 13.598107773284617
2023-12-08 23:30:49,223 INFO EPOCH 43/100
2023-12-08 23:30:49,223 INFO Train mAP: 0.8383115530014038
2023-12-08 23:32:53,788 INFO Mean loss was 13.743858848365178
2023-12-08 23:34:22,258 INFO EPOCH 44/100
2023-12-08 23:34:22,258 INFO Train mAP: 0.8228150606155396
2023-12-08 23:36:26,871 INFO Mean loss was 14.537696583819804
2023-12-08 23:37:54,930 INFO EPOCH 45/100
2023-12-08 23:37:54,930 INFO Train mAP: 0.8146589398384094
2023-12-08 23:39:59,560 INFO Mean loss was 15.554498568263691
2023-12-08 23:41:28,462 INFO EPOCH 46/100
2023-12-08 23:41:28,462 INFO Train mAP: 0.8313759565353394
2023-12-08 23:43:33,054 INFO Mean loss was 14.7646365553083
2023-12-08 23:45:02,179 INFO EPOCH 47/100
2023-12-08 23:45:02,180 INFO Train mAP: 0.8196132779121399
2023-12-08 23:47:06,750 INFO Mean loss was 13.619860225766033
2023-12-08 23:48:34,777 INFO EPOCH 48/100
2023-12-08 23:48:34,777 INFO Train mAP: 0.8057695627212524
2023-12-08 23:50:39,406 INFO Mean loss was 13.881652230681487
2023-12-08 23:52:07,361 INFO EPOCH 49/100
2023-12-08 23:52:07,361 INFO Train mAP: 0.8378473520278931
2023-12-08 23:54:12,000 INFO Mean loss was 13.12230072353518
2023-12-08 23:55:39,921 INFO EPOCH 50/100
2023-12-08 23:55:39,921 INFO Train mAP: 0.8299921154975891
2023-12-08 23:57:44,542 INFO Mean loss was 13.885804871756518
2023-12-08 23:59:12,544 INFO EPOCH 51/100
2023-12-08 23:59:12,544 INFO Train mAP: 0.8245519399642944
2023-12-09 00:01:17,130 INFO Mean loss was 14.515607633719823
2023-12-09 00:02:45,037 INFO EPOCH 52/100
2023-12-09 00:02:45,037 INFO Train mAP: 0.8322550654411316
2023-12-09 00:04:49,646 INFO Mean loss was 14.320662763178694
2023-12-09 00:06:17,409 INFO EPOCH 53/100
2023-12-09 00:06:17,409 INFO Train mAP: 0.8105074763298035
2023-12-09 00:08:21,998 INFO Mean loss was 14.048924154654232
2023-12-09 00:09:49,839 INFO EPOCH 54/100
2023-12-09 00:09:49,839 INFO Train mAP: 0.8371953964233398
2023-12-09 00:11:54,416 INFO Mean loss was 12.647985114350309
2023-12-09 00:13:22,203 INFO EPOCH 55/100
2023-12-09 00:13:22,203 INFO Train mAP: 0.8429386019706726
2023-12-09 00:15:26,744 INFO Mean loss was 13.494674879992724
2023-12-09 00:16:55,249 INFO EPOCH 56/100
2023-12-09 00:16:55,249 INFO Train mAP: 0.8429073095321655
2023-12-09 00:18:59,899 INFO Mean loss was 14.420177059431833
2023-12-09 00:20:28,053 INFO EPOCH 57/100
2023-12-09 00:20:28,053 INFO Train mAP: 0.8409556150436401
2023-12-09 00:22:32,687 INFO Mean loss was 13.065842525179658
2023-12-09 00:24:00,780 INFO EPOCH 58/100
2023-12-09 00:24:00,780 INFO Train mAP: 0.8412206768989563
2023-12-09 00:26:05,407 INFO Mean loss was 12.773503977740527
2023-12-09 00:27:33,358 INFO EPOCH 59/100
2023-12-09 00:27:33,358 INFO Train mAP: 0.8428913354873657
2023-12-09 00:29:37,986 INFO Mean loss was 12.932061788422457
2023-12-09 00:31:05,962 INFO EPOCH 60/100
2023-12-09 00:31:05,962 INFO Train mAP: 0.8440446853637695
2023-12-09 00:33:10,592 INFO Mean loss was 13.092677969535961
2023-12-09 00:34:38,630 INFO EPOCH 61/100
2023-12-09 00:34:38,630 INFO Train mAP: 0.8213752508163452
2023-12-09 00:36:43,222 INFO Mean loss was 13.157122746657587
2023-12-09 00:38:11,019 INFO EPOCH 62/100
2023-12-09 00:38:11,020 INFO Train mAP: 0.8377754092216492
2023-12-09 00:40:15,630 INFO Mean loss was 13.205540909757929
2023-12-09 00:41:43,910 INFO EPOCH 63/100
2023-12-09 00:41:43,910 INFO Train mAP: 0.8257721066474915
2023-12-09 00:43:48,533 INFO Mean loss was 12.505137714703263
2023-12-09 00:45:17,340 INFO EPOCH 64/100
2023-12-09 00:45:17,340 INFO Train mAP: 0.8497494459152222
2023-12-09 00:45:17,643 INFO Save model model/model-best-mAP0.85-2023-12-09.00.45.17.pth.tar
2023-12-09 00:47:22,298 INFO Mean loss was 12.878858418713685
2023-12-09 00:48:51,030 INFO EPOCH 65/100
2023-12-09 00:48:51,030 INFO Train mAP: 0.8335431814193726
2023-12-09 00:50:55,942 INFO Mean loss was 13.797920372776645
2023-12-09 00:52:25,370 INFO EPOCH 66/100
2023-12-09 00:52:25,370 INFO Train mAP: 0.8384356498718262
2023-12-09 00:54:30,050 INFO Mean loss was 12.911369294677527
2023-12-09 00:55:58,363 INFO EPOCH 67/100
2023-12-09 00:55:58,363 INFO Train mAP: 0.8394710421562195
2023-12-09 00:58:02,984 INFO Mean loss was 11.64142505435464
2023-12-09 00:59:30,771 INFO EPOCH 68/100
2023-12-09 00:59:30,771 INFO Train mAP: 0.8540868759155273
2023-12-09 00:59:31,072 INFO Save model model/model-best-mAP0.85-2023-12-09.00.59.30.pth.tar
2023-12-09 01:01:35,707 INFO Mean loss was 11.626681156269125
2023-12-09 01:03:03,785 INFO EPOCH 69/100
2023-12-09 01:03:03,785 INFO Train mAP: 0.8371135592460632
2023-12-09 01:05:08,439 INFO Mean loss was 11.997993253416434
2023-12-09 01:06:37,212 INFO EPOCH 70/100
2023-12-09 01:06:37,212 INFO Train mAP: 0.8405777812004089
2023-12-09 01:08:42,039 INFO Mean loss was 12.320182981066823
2023-12-09 01:10:11,576 INFO EPOCH 71/100
2023-12-09 01:10:11,576 INFO Train mAP: 0.8327354192733765
2023-12-09 01:12:16,656 INFO Mean loss was 13.233582088057261
2023-12-09 01:13:46,107 INFO EPOCH 72/100
2023-12-09 01:13:46,108 INFO Train mAP: 0.8240946531295776
2023-12-09 01:15:50,768 INFO Mean loss was 12.232925967506098
2023-12-09 01:17:18,795 INFO EPOCH 73/100
2023-12-09 01:17:18,795 INFO Train mAP: 0.8582552075386047
2023-12-09 01:17:19,101 INFO Save model model/model-best-mAP0.86-2023-12-09.01.17.18.pth.tar
2023-12-09 01:19:23,758 INFO Mean loss was 11.721979130167565
2023-12-09 01:20:51,937 INFO EPOCH 74/100
2023-12-09 01:20:51,937 INFO Train mAP: 0.8456395864486694
2023-12-09 01:22:56,540 INFO Mean loss was 12.446946320266282
2023-12-09 01:24:24,332 INFO EPOCH 75/100
2023-12-09 01:24:24,332 INFO Train mAP: 0.8497654795646667
2023-12-09 01:26:28,990 INFO Mean loss was 11.74794885960031
2023-12-09 01:27:57,401 INFO EPOCH 76/100
2023-12-09 01:27:57,402 INFO Train mAP: 0.8545256853103638
2023-12-09 01:30:02,004 INFO Mean loss was 11.97767796599427
2023-12-09 01:31:30,180 INFO EPOCH 77/100
2023-12-09 01:31:30,181 INFO Train mAP: 0.8457700610160828
2023-12-09 01:33:34,835 INFO Mean loss was 12.614835770494473
2023-12-09 01:35:02,574 INFO EPOCH 78/100
2023-12-09 01:35:02,574 INFO Train mAP: 0.8415012359619141
2023-12-09 01:37:07,190 INFO Mean loss was 11.822331406392259
2023-12-09 01:38:35,488 INFO EPOCH 79/100
2023-12-09 01:38:35,488 INFO Train mAP: 0.8386470079421997
2023-12-09 01:40:40,094 INFO Mean loss was 11.54537291683588
2023-12-09 01:42:07,802 INFO EPOCH 80/100
2023-12-09 01:42:07,802 INFO Train mAP: 0.8536589741706848
2023-12-09 01:44:12,457 INFO Mean loss was 11.744213401233665
2023-12-09 01:45:41,316 INFO EPOCH 81/100
2023-12-09 01:45:41,316 INFO Train mAP: 0.8310413360595703
2023-12-09 01:46:11,785 INFO Interrupted
2023-12-09 01:46:12,081 INFO Save model model/model-Interrupted-mAP0.83-2023-12-09.01.46.11.pth.tar
2023-12-09 11:25:28,056 INFO Start train: data/8examples.csv test: data/8examples.csv
2023-12-09 11:25:28,873 INFO Load model model/model-Interrupted-mAP0.83-2023-12-09.01.46.11.pth.tar
2023-12-09 11:26:32,786 INFO Start train: data/8examples.csv test: data/8examples.csv
2023-12-09 11:26:33,448 INFO Load model model/model-Interrupted-mAP0.83-2023-12-09.01.46.11.pth.tar
2023-12-09 11:38:26,966 INFO EPOCH 0/10
2023-12-09 11:38:26,967 INFO Train mAP: 0.9999989867210388
2023-12-09 11:38:27,266 INFO Save model model/model-best-mAP1.00-2023-12-09.11.38.26.pth.tar
2023-12-09 11:38:27,579 INFO Mean loss was 2.5954713821411133
2023-12-09 11:39:00,855 INFO Start train: data/8examples.csv test: data/8examples.csv
2023-12-09 11:39:01,516 INFO Load model model/model-Interrupted-mAP0.83-2023-12-09.01.46.11.pth.tar
